<?xml version="1.0" encoding="UTF-8"?>
<!-- Generated by org.testng.reporters.JUnitXMLReporter -->
<testsuite ignored="0" hostname="PanneerSelvam" failures="0" tests="16" name="Default test" time="0.184" errors="0" timestamp="04 Apr 2021 16:41:20 GMT">
  <testcase classname="org.test.Sampletestng" name="tc5" time="0.006"/>
  <testcase classname="org.test.Sampletestng" name="tc6" time="0.003"/>
  <testcase classname="org.test.Sampletestng" name="tc3" time="0.002"/>
  <testcase classname="org.test.Sampletestng" name="tc4" time="0.002"/>
  <testcase classname="org.test.Sampletestng" name="tc1" time="0.002"/>
  <testcase classname="org.test.Sampletestng" name="tc1" time="0.003"/>
  <testcase classname="org.test.Sampletestng" name="tc2" time="0.004"/>
  <testcase classname="org.test.Sampletestng" name="tc2" time="0.003"/>
  <testcase classname="org.test.Sampletestng" name="tc2" time="0.002"/>
  <testcase classname="org.test.Sampletestng" name="tc2" time="0.004"/>
  <testcase classname="org.test.Sampletestng" name="tc2" time="0.011"/>
  <testcase classname="org.test.Sampletestng" name="tc2" time="0.009"/>
  <testcase classname="org.test.Sampletestng" name="tc2" time="0.003"/>
  <testcase classname="org.test.Sampletestng" name="tc2" time="0.003"/>
  <testcase classname="org.test.Sampletestng" name="tc2" time="0.001"/>
  <testcase classname="org.test.Sampletestng" name="tc2" time="0.003"/>
</testsuite> <!-- Default test -->
