<?xml version="1.0" encoding="UTF-8"?>
<testng-results ignored="0" total="16" passed="16" failed="0" skipped="0">
  <reporter-output>
  </reporter-output>
  <suite started-at="2021-04-04T16:41:20Z" name="Default suite" finished-at="2021-04-04T16:41:20Z" duration-ms="184">
    <groups>
    </groups>
    <test started-at="2021-04-04T16:41:20Z" name="Default test" finished-at="2021-04-04T16:41:20Z" duration-ms="184">
      <class name="org.test.Sampletestng">
        <test-method is-config="true" signature="before1()[pri:0, instance:org.test.Sampletestng@63eef88a]" started-at="2021-04-04T16:41:20Z" name="before1" finished-at="2021-04-04T16:41:20Z" duration-ms="27" status="PASS">
          <reporter-output>
          </reporter-output>
        </test-method> <!-- before1 -->
        <test-method signature="tc5()[pri:-4, instance:org.test.Sampletestng@63eef88a]" started-at="2021-04-04T16:41:20Z" name="tc5" finished-at="2021-04-04T16:41:20Z" duration-ms="6" status="PASS">
          <reporter-output>
          </reporter-output>
        </test-method> <!-- tc5 -->
        <test-method signature="tc6()[pri:-3, instance:org.test.Sampletestng@63eef88a]" started-at="2021-04-04T16:41:20Z" name="tc6" finished-at="2021-04-04T16:41:20Z" duration-ms="3" status="PASS">
          <reporter-output>
          </reporter-output>
        </test-method> <!-- tc6 -->
        <test-method signature="tc3()[pri:-2, instance:org.test.Sampletestng@63eef88a]" started-at="2021-04-04T16:41:20Z" name="tc3" finished-at="2021-04-04T16:41:20Z" duration-ms="2" status="PASS">
          <reporter-output>
          </reporter-output>
        </test-method> <!-- tc3 -->
        <test-method signature="tc4()[pri:-1, instance:org.test.Sampletestng@63eef88a]" started-at="2021-04-04T16:41:20Z" name="tc4" finished-at="2021-04-04T16:41:20Z" duration-ms="2" status="PASS">
          <reporter-output>
          </reporter-output>
        </test-method> <!-- tc4 -->
        <test-method signature="tc1()[pri:0, instance:org.test.Sampletestng@63eef88a]" started-at="2021-04-04T16:41:20Z" name="tc1" finished-at="2021-04-04T16:41:20Z" duration-ms="2" status="PASS">
          <reporter-output>
          </reporter-output>
        </test-method> <!-- tc1 -->
        <test-method signature="tc1()[pri:0, instance:org.test.Sampletestng@63eef88a]" started-at="2021-04-04T16:41:20Z" name="tc1" finished-at="2021-04-04T16:41:20Z" duration-ms="3" status="PASS">
          <reporter-output>
          </reporter-output>
        </test-method> <!-- tc1 -->
        <test-method signature="tc2()[pri:5, instance:org.test.Sampletestng@63eef88a]" started-at="2021-04-04T16:41:20Z" name="tc2" finished-at="2021-04-04T16:41:20Z" duration-ms="4" status="PASS">
          <reporter-output>
          </reporter-output>
        </test-method> <!-- tc2 -->
        <test-method signature="tc2()[pri:5, instance:org.test.Sampletestng@63eef88a]" started-at="2021-04-04T16:41:20Z" name="tc2" finished-at="2021-04-04T16:41:20Z" duration-ms="3" status="PASS">
          <reporter-output>
          </reporter-output>
        </test-method> <!-- tc2 -->
        <test-method signature="tc2()[pri:5, instance:org.test.Sampletestng@63eef88a]" started-at="2021-04-04T16:41:20Z" name="tc2" finished-at="2021-04-04T16:41:20Z" duration-ms="2" status="PASS">
          <reporter-output>
          </reporter-output>
        </test-method> <!-- tc2 -->
        <test-method signature="tc2()[pri:5, instance:org.test.Sampletestng@63eef88a]" started-at="2021-04-04T16:41:20Z" name="tc2" finished-at="2021-04-04T16:41:20Z" duration-ms="4" status="PASS">
          <reporter-output>
          </reporter-output>
        </test-method> <!-- tc2 -->
        <test-method signature="tc2()[pri:5, instance:org.test.Sampletestng@63eef88a]" started-at="2021-04-04T16:41:20Z" name="tc2" finished-at="2021-04-04T16:41:20Z" duration-ms="11" status="PASS">
          <reporter-output>
          </reporter-output>
        </test-method> <!-- tc2 -->
        <test-method signature="tc2()[pri:5, instance:org.test.Sampletestng@63eef88a]" started-at="2021-04-04T16:41:20Z" name="tc2" finished-at="2021-04-04T16:41:20Z" duration-ms="9" status="PASS">
          <reporter-output>
          </reporter-output>
        </test-method> <!-- tc2 -->
        <test-method signature="tc2()[pri:5, instance:org.test.Sampletestng@63eef88a]" started-at="2021-04-04T16:41:20Z" name="tc2" finished-at="2021-04-04T16:41:20Z" duration-ms="3" status="PASS">
          <reporter-output>
          </reporter-output>
        </test-method> <!-- tc2 -->
        <test-method signature="tc2()[pri:5, instance:org.test.Sampletestng@63eef88a]" started-at="2021-04-04T16:41:20Z" name="tc2" finished-at="2021-04-04T16:41:20Z" duration-ms="3" status="PASS">
          <reporter-output>
          </reporter-output>
        </test-method> <!-- tc2 -->
        <test-method signature="tc2()[pri:5, instance:org.test.Sampletestng@63eef88a]" started-at="2021-04-04T16:41:20Z" name="tc2" finished-at="2021-04-04T16:41:20Z" duration-ms="1" status="PASS">
          <reporter-output>
          </reporter-output>
        </test-method> <!-- tc2 -->
        <test-method signature="tc2()[pri:5, instance:org.test.Sampletestng@63eef88a]" started-at="2021-04-04T16:41:20Z" name="tc2" finished-at="2021-04-04T16:41:20Z" duration-ms="3" status="PASS">
          <reporter-output>
          </reporter-output>
        </test-method> <!-- tc2 -->
        <test-method is-config="true" signature="after()[pri:0, instance:org.test.Sampletestng@63eef88a]" started-at="2021-04-04T16:41:20Z" name="after" finished-at="2021-04-04T16:41:20Z" duration-ms="0" status="PASS">
          <reporter-output>
          </reporter-output>
        </test-method> <!-- after -->
      </class> <!-- org.test.Sampletestng -->
    </test> <!-- Default test -->
  </suite> <!-- Default suite -->
</testng-results>
